{"/Users/derishardiansyahismail/Downloads/Github/LoginExpress/config/dbConfig.js": {"path":"/Users/derishardiansyahismail/Downloads/Github/LoginExpress/config/dbConfig.js","statementMap":{"0":{"start":{"line":3,"column":0},"end":{"line":5,"column":1}},"1":{"start":{"line":4,"column":2},"end":{"line":4,"column":18}},"2":{"start":{"line":7,"column":17},"end":{"line":21,"column":1}}},"fnMap":{},"branchMap":{"0":{"loc":{"start":{"line":3,"column":0},"end":{"line":5,"column":1}},"type":"if","locations":[{"start":{"line":3,"column":0},"end":{"line":5,"column":1}},{"start":{},"end":{}}],"line":3}},"s":{"0":1,"1":1,"2":1},"f":{},"b":{"0":[1,0]},"_coverageSchema":"1a1c01bbd47fc00a2c39e90264f33305004495a9","hash":"8674643be7b377e11c13f166a8ae9a191828d9fe"}
,"/Users/derishardiansyahismail/Downloads/Github/LoginExpress/controllers/teamsController.js": {"path":"/Users/derishardiansyahismail/Downloads/Github/LoginExpress/controllers/teamsController.js","statementMap":{"0":{"start":{"line":3,"column":24},"end":{"line":146,"column":1}},"1":{"start":{"line":5,"column":4},"end":{"line":36,"column":5}},"2":{"start":{"line":6,"column":19},"end":{"line":12,"column":7}},"3":{"start":{"line":13,"column":6},"end":{"line":29,"column":7}},"4":{"start":{"line":14,"column":25},"end":{"line":14,"column":49}},"5":{"start":{"line":15,"column":8},"end":{"line":22,"column":9}},"6":{"start":{"line":16,"column":10},"end":{"line":21,"column":13}},"7":{"start":{"line":24,"column":8},"end":{"line":28,"column":11}},"8":{"start":{"line":31,"column":6},"end":{"line":35,"column":9}},"9":{"start":{"line":39,"column":4},"end":{"line":53,"column":5}},"10":{"start":{"line":40,"column":19},"end":{"line":40,"column":40}},"11":{"start":{"line":41,"column":6},"end":{"line":46,"column":9}},"12":{"start":{"line":48,"column":6},"end":{"line":52,"column":9}},"13":{"start":{"line":56,"column":4},"end":{"line":78,"column":5}},"14":{"start":{"line":57,"column":23},"end":{"line":57,"column":58}},"15":{"start":{"line":58,"column":6},"end":{"line":71,"column":7}},"16":{"start":{"line":59,"column":8},"end":{"line":64,"column":11}},"17":{"start":{"line":66,"column":8},"end":{"line":70,"column":11}},"18":{"start":{"line":73,"column":6},"end":{"line":77,"column":9}},"19":{"start":{"line":81,"column":4},"end":{"line":116,"column":5}},"20":{"start":{"line":82,"column":25},"end":{"line":86,"column":8}},"21":{"start":{"line":88,"column":22},"end":{"line":94,"column":7}},"22":{"start":{"line":96,"column":6},"end":{"line":109,"column":7}},"23":{"start":{"line":97,"column":8},"end":{"line":101,"column":11}},"24":{"start":{"line":103,"column":8},"end":{"line":108,"column":11}},"25":{"start":{"line":111,"column":6},"end":{"line":115,"column":9}},"26":{"start":{"line":119,"column":4},"end":{"line":144,"column":5}},"27":{"start":{"line":120,"column":25},"end":{"line":124,"column":8}},"28":{"start":{"line":125,"column":6},"end":{"line":137,"column":7}},"29":{"start":{"line":126,"column":8},"end":{"line":130,"column":11}},"30":{"start":{"line":132,"column":8},"end":{"line":136,"column":11}},"31":{"start":{"line":139,"column":6},"end":{"line":143,"column":9}}},"fnMap":{"0":{"name":"(anonymous_0)","decl":{"start":{"line":4,"column":11},"end":{"line":4,"column":12}},"loc":{"start":{"line":4,"column":31},"end":{"line":37,"column":3}},"line":4},"1":{"name":"(anonymous_1)","decl":{"start":{"line":38,"column":11},"end":{"line":38,"column":12}},"loc":{"start":{"line":38,"column":31},"end":{"line":54,"column":3}},"line":38},"2":{"name":"(anonymous_2)","decl":{"start":{"line":55,"column":15},"end":{"line":55,"column":16}},"loc":{"start":{"line":55,"column":35},"end":{"line":79,"column":3}},"line":55},"3":{"name":"(anonymous_3)","decl":{"start":{"line":80,"column":14},"end":{"line":80,"column":15}},"loc":{"start":{"line":80,"column":34},"end":{"line":117,"column":3}},"line":80},"4":{"name":"(anonymous_4)","decl":{"start":{"line":118,"column":14},"end":{"line":118,"column":15}},"loc":{"start":{"line":118,"column":34},"end":{"line":145,"column":3}},"line":118}},"branchMap":{"0":{"loc":{"start":{"line":13,"column":6},"end":{"line":29,"column":7}},"type":"if","locations":[{"start":{"line":13,"column":6},"end":{"line":29,"column":7}},{"start":{"line":23,"column":13},"end":{"line":29,"column":7}}],"line":13},"1":{"loc":{"start":{"line":15,"column":8},"end":{"line":22,"column":9}},"type":"if","locations":[{"start":{"line":15,"column":8},"end":{"line":22,"column":9}},{"start":{},"end":{}}],"line":15},"2":{"loc":{"start":{"line":58,"column":6},"end":{"line":71,"column":7}},"type":"if","locations":[{"start":{"line":58,"column":6},"end":{"line":71,"column":7}},{"start":{"line":65,"column":13},"end":{"line":71,"column":7}}],"line":58},"3":{"loc":{"start":{"line":96,"column":6},"end":{"line":109,"column":7}},"type":"if","locations":[{"start":{"line":96,"column":6},"end":{"line":109,"column":7}},{"start":{"line":102,"column":13},"end":{"line":109,"column":7}}],"line":96},"4":{"loc":{"start":{"line":125,"column":6},"end":{"line":137,"column":7}},"type":"if","locations":[{"start":{"line":125,"column":6},"end":{"line":137,"column":7}},{"start":{"line":131,"column":13},"end":{"line":137,"column":7}}],"line":125}},"s":{"0":1,"1":1,"2":1,"3":1,"4":0,"5":0,"6":0,"7":1,"8":0,"9":1,"10":1,"11":1,"12":0,"13":0,"14":0,"15":0,"16":0,"17":0,"18":0,"19":0,"20":0,"21":0,"22":0,"23":0,"24":0,"25":0,"26":0,"27":0,"28":0,"29":0,"30":0,"31":0},"f":{"0":1,"1":1,"2":0,"3":0,"4":0},"b":{"0":[0,1],"1":[0,0],"2":[0,0],"3":[0,0],"4":[0,0]},"_coverageSchema":"1a1c01bbd47fc00a2c39e90264f33305004495a9","hash":"b8a350c050462580332b4de7d81250e64d139d7e"}
,"/Users/derishardiansyahismail/Downloads/Github/LoginExpress/database/db.js": {"path":"/Users/derishardiansyahismail/Downloads/Github/LoginExpress/database/db.js","statementMap":{"0":{"start":{"line":6,"column":11},"end":{"line":6,"column":95}},"1":{"start":{"line":8,"column":21},"end":{"line":8,"column":36}},"2":{"start":{"line":9,"column":20},"end":{"line":9,"column":34}}},"fnMap":{},"branchMap":{},"s":{"0":1,"1":1,"2":1},"f":{},"b":{},"_coverageSchema":"1a1c01bbd47fc00a2c39e90264f33305004495a9","hash":"9c10886c103e0e64ea049097a581ef455ec094df"}
,"/Users/derishardiansyahismail/Downloads/Github/LoginExpress/helper/responseHelper.js": {"path":"/Users/derishardiansyahismail/Downloads/Github/LoginExpress/helper/responseHelper.js","statementMap":{"0":{"start":{"line":1,"column":23},"end":{"line":22,"column":1}},"1":{"start":{"line":2,"column":19},"end":{"line":6,"column":3}},"2":{"start":{"line":8,"column":2},"end":{"line":10,"column":3}},"3":{"start":{"line":9,"column":4},"end":{"line":9,"column":25}},"4":{"start":{"line":12,"column":2},"end":{"line":19,"column":3}},"5":{"start":{"line":13,"column":25},"end":{"line":13,"column":76}},"6":{"start":{"line":14,"column":4},"end":{"line":18,"column":7}},"7":{"start":{"line":21,"column":2},"end":{"line":21,"column":43}}},"fnMap":{"0":{"name":"(anonymous_0)","decl":{"start":{"line":1,"column":23},"end":{"line":1,"column":24}},"loc":{"start":{"line":1,"column":55},"end":{"line":22,"column":1}},"line":1}},"branchMap":{"0":{"loc":{"start":{"line":3,"column":12},"end":{"line":3,"column":48}},"type":"cond-expr","locations":[{"start":{"line":3,"column":29},"end":{"line":3,"column":36}},{"start":{"line":3,"column":39},"end":{"line":3,"column":48}}],"line":3},"1":{"loc":{"start":{"line":5,"column":13},"end":{"line":5,"column":63}},"type":"cond-expr","locations":[{"start":{"line":5,"column":30},"end":{"line":5,"column":53}},{"start":{"line":5,"column":56},"end":{"line":5,"column":63}}],"line":5},"2":{"loc":{"start":{"line":8,"column":2},"end":{"line":10,"column":3}},"type":"if","locations":[{"start":{"line":8,"column":2},"end":{"line":10,"column":3}},{"start":{},"end":{}}],"line":8},"3":{"loc":{"start":{"line":12,"column":2},"end":{"line":19,"column":3}},"type":"if","locations":[{"start":{"line":12,"column":2},"end":{"line":19,"column":3}},{"start":{},"end":{}}],"line":12},"4":{"loc":{"start":{"line":12,"column":6},"end":{"line":12,"column":74}},"type":"binary-expr","locations":[{"start":{"line":12,"column":6},"end":{"line":12,"column":20}},{"start":{"line":12,"column":24},"end":{"line":12,"column":38}},{"start":{"line":12,"column":42},"end":{"line":12,"column":56}},{"start":{"line":12,"column":60},"end":{"line":12,"column":74}}],"line":12},"5":{"loc":{"start":{"line":13,"column":25},"end":{"line":13,"column":76}},"type":"cond-expr","locations":[{"start":{"line":13,"column":42},"end":{"line":13,"column":57}},{"start":{"line":13,"column":60},"end":{"line":13,"column":76}}],"line":13}},"s":{"0":1,"1":3,"2":3,"3":1,"4":3,"5":2,"6":2,"7":1},"f":{"0":3},"b":{"0":[1,2],"1":[1,2],"2":[1,2],"3":[2,1],"4":[3,2,1,1],"5":[1,1]},"_coverageSchema":"1a1c01bbd47fc00a2c39e90264f33305004495a9","hash":"0e99a0b9e1427ae4b3d2fe4827be7f074b899685"}
,"/Users/derishardiansyahismail/Downloads/Github/LoginExpress/models/teamsModels.js": {"path":"/Users/derishardiansyahismail/Downloads/Github/LoginExpress/models/teamsModels.js","statementMap":{"0":{"start":{"line":3,"column":20},"end":{"line":25,"column":4}},"1":{"start":{"line":4,"column":2},"end":{"line":25,"column":4}}},"fnMap":{"0":{"name":"(anonymous_0)","decl":{"start":{"line":3,"column":20},"end":{"line":3,"column":21}},"loc":{"start":{"line":4,"column":2},"end":{"line":25,"column":4}},"line":4}},"branchMap":{},"s":{"0":1,"1":1},"f":{"0":1},"b":{},"_coverageSchema":"1a1c01bbd47fc00a2c39e90264f33305004495a9","hash":"d5991dba9912550794998e66a4f1175e335c1d46"}
,"/Users/derishardiansyahismail/Downloads/Github/LoginExpress/models/userModels.js": {"path":"/Users/derishardiansyahismail/Downloads/Github/LoginExpress/models/userModels.js","statementMap":{"0":{"start":{"line":3,"column":19},"end":{"line":30,"column":4}},"1":{"start":{"line":4,"column":2},"end":{"line":30,"column":4}}},"fnMap":{"0":{"name":"(anonymous_0)","decl":{"start":{"line":3,"column":19},"end":{"line":3,"column":20}},"loc":{"start":{"line":4,"column":2},"end":{"line":30,"column":4}},"line":4}},"branchMap":{},"s":{"0":1,"1":1},"f":{"0":1},"b":{},"_coverageSchema":"1a1c01bbd47fc00a2c39e90264f33305004495a9","hash":"14301153d44f1bab17e2ed79e4c57a47f5f06467"}
}
