TN:
SF:config/dbConfig.js
FNF:0
FNH:0
DA:3,1
DA:4,1
DA:7,1
LF:3
LH:3
BRDA:3,0,0,1
BRDA:3,0,1,0
BRF:2
BRH:1
end_of_record
TN:
SF:controllers/teamsController.js
FN:4,(anonymous_0)
FN:38,(anonymous_1)
FN:55,(anonymous_2)
FN:80,(anonymous_3)
FN:118,(anonymous_4)
FNF:5
FNH:1
FNDA:1,(anonymous_0)
FNDA:0,(anonymous_1)
FNDA:0,(anonymous_2)
FNDA:0,(anonymous_3)
FNDA:0,(anonymous_4)
DA:3,1
DA:5,1
DA:6,1
DA:13,1
DA:14,0
DA:15,0
DA:16,0
DA:24,1
DA:31,0
DA:39,0
DA:40,0
DA:41,0
DA:48,0
DA:56,0
DA:57,0
DA:58,0
DA:59,0
DA:66,0
DA:73,0
DA:81,0
DA:82,0
DA:88,0
DA:96,0
DA:97,0
DA:103,0
DA:111,0
DA:119,0
DA:120,0
DA:125,0
DA:126,0
DA:132,0
DA:139,0
LF:32
LH:5
BRDA:13,0,0,0
BRDA:13,0,1,1
BRDA:15,1,0,0
BRDA:15,1,1,0
BRDA:58,2,0,0
BRDA:58,2,1,0
BRDA:96,3,0,0
BRDA:96,3,1,0
BRDA:125,4,0,0
BRDA:125,4,1,0
BRF:10
BRH:1
end_of_record
TN:
SF:database/db.js
FNF:0
FNH:0
DA:6,1
DA:8,1
DA:9,1
LF:3
LH:3
BRF:0
BRH:0
end_of_record
TN:
SF:models/teamsModels.js
FN:3,(anonymous_0)
FNF:1
FNH:1
FNDA:1,(anonymous_0)
DA:3,1
DA:4,1
LF:2
LH:2
BRF:0
BRH:0
end_of_record
TN:
SF:models/userModels.js
FN:3,(anonymous_0)
FNF:1
FNH:1
FNDA:1,(anonymous_0)
DA:3,1
DA:4,1
LF:2
LH:2
BRF:0
BRH:0
end_of_record
